2025-04-15 13:55:10,669 - INFO - Training on device: cpu
2025-04-15 13:55:10,744 - INFO - Found 1 CSV files.
2025-04-15 13:55:10,764 - ERROR - Error: preprocess.py must be in the same directory
2025-04-15 13:55:46,118 - INFO - Training on device: cpu
2025-04-15 13:55:46,120 - INFO - Found 1 CSV files.
2025-04-15 13:55:46,130 - ERROR - Error: preprocess.py must be in the same directory
2025-04-15 13:56:41,069 - INFO - Training on device: cpu
2025-04-15 13:56:41,070 - INFO - Found 1 CSV files.
2025-04-15 13:56:41,087 - ERROR - Error: preprocess.py must be in the same directory
2025-04-15 14:09:50,315 - INFO - Training on device: cpu
2025-04-15 14:09:50,321 - INFO - Found 1 CSV files.
2025-04-15 14:09:50,339 - ERROR - Error: preprocess.py must be in the same directory
2025-04-23 02:49:19,210 - INFO - Using device: cpu
2025-04-23 02:49:19,211 - INFO - Found 1 CSV files in dataset/combined_dataset.csv
2025-04-23 02:50:14,860 - INFO - Combined dataset has 1997918 rows
2025-04-23 02:50:18,395 - INFO - Loaded dataset with shape: (1997918, 207)
2025-04-23 02:50:52,807 - INFO - Crop class distribution: Counter({1: 1994693, 0: 3225})
2025-04-23 02:50:53,034 - INFO - Fertilizer class distribution: Counter({1: 1994693, 0: 3225})
2025-04-23 02:50:53,037 - INFO - Dataset metadata: {'input_dim': 204, 'crop_classes': 2, 'fertilizer_classes': 2, 'climate_classes': 0, 'feature_names': ['feature_state', 'feature_district', 'feature_market', 'feature_commodity', 'feature_variety', 'feature_arrival_date', 'feature_min_price', 'feature_max_price', 'feature_modal_price', 'feature_prompt', 'feature_response', 'feature_type', 'feature_Unnamed: 0', 'feature_State_Name', 'feature_Crop_Type', 'feature_Crop', 'feature_N', 'feature_P', 'feature_K', 'feature_pH', 'feature_rainfall', 'feature_temperature', 'feature_Area_in_hectares', 'feature_Production_in_tons', 'feature_Yield_ton_per_hec', 'feature_District_Name', 'feature_Crop_Year', 'feature_Season', 'feature_Area', 'feature_Production', 'feature_yearly_rainfall', 'feature_kharif_rainfall', 'feature_rabi_rainfall', 'feature_summer_rainfall', 'feature_States', 'feature_kharif_temp', 'feature_rabi_temp', 'feature_summer_temp', 'feature_yearly_temp', 'feature_Dist Code', 'feature_Year', 'feature_State Code', 'feature_State Name', 'feature_Dist Name', 'feature_RICE AREA (1000 ha)', 'feature_RICE PRODUCTION (1000 tons)', 'feature_RICE YIELD (Kg per ha)', 'feature_WHEAT AREA (1000 ha)', 'feature_WHEAT PRODUCTION (1000 tons)', 'feature_WHEAT YIELD (Kg per ha)', 'feature_KHARIF SORGHUM AREA (1000 ha)', 'feature_KHARIF SORGHUM PRODUCTION (1000 tons)', 'feature_KHARIF SORGHUM YIELD (Kg per ha)', 'feature_RABI SORGHUM AREA (1000 ha)', 'feature_RABI SORGHUM PRODUCTION (1000 tons)', 'feature_RABI SORGHUM YIELD (Kg per ha)', 'feature_SORGHUM AREA (1000 ha)', 'feature_SORGHUM PRODUCTION (1000 tons)', 'feature_SORGHUM YIELD (Kg per ha)', 'feature_PEARL MILLET AREA (1000 ha)', 'feature_PEARL MILLET PRODUCTION (1000 tons)', 'feature_PEARL MILLET YIELD (Kg per ha)', 'feature_MAIZE AREA (1000 ha)', 'feature_MAIZE PRODUCTION (1000 tons)', 'feature_MAIZE YIELD (Kg per ha)', 'feature_FINGER MILLET AREA (1000 ha)', 'feature_FINGER MILLET PRODUCTION (1000 tons)', 'feature_FINGER MILLET YIELD (Kg per ha)', 'feature_BARLEY AREA (1000 ha)', 'feature_BARLEY PRODUCTION (1000 tons)', 'feature_BARLEY YIELD (Kg per ha)', 'feature_CHICKPEA AREA (1000 ha)', 'feature_CHICKPEA PRODUCTION (1000 tons)', 'feature_CHICKPEA YIELD (Kg per ha)', 'feature_PIGEONPEA AREA (1000 ha)', 'feature_PIGEONPEA PRODUCTION (1000 tons)', 'feature_PIGEONPEA YIELD (Kg per ha)', 'feature_MINOR PULSES AREA (1000 ha)', 'feature_MINOR PULSES PRODUCTION (1000 tons)', 'feature_MINOR PULSES YIELD (Kg per ha)', 'feature_GROUNDNUT AREA (1000 ha)', 'feature_GROUNDNUT PRODUCTION (1000 tons)', 'feature_GROUNDNUT YIELD (Kg per ha)', 'feature_SESAMUM AREA (1000 ha)', 'feature_SESAMUM PRODUCTION (1000 tons)', 'feature_SESAMUM YIELD (Kg per ha)', 'feature_RAPESEED AND MUSTARD AREA (1000 ha)', 'feature_RAPESEED AND MUSTARD PRODUCTION (1000 tons)', 'feature_RAPESEED AND MUSTARD YIELD (Kg per ha)', 'feature_SAFFLOWER AREA (1000 ha)', 'feature_SAFFLOWER PRODUCTION (1000 tons)', 'feature_SAFFLOWER YIELD (Kg per ha)', 'feature_CASTOR AREA (1000 ha)', 'feature_CASTOR PRODUCTION (1000 tons)', 'feature_CASTOR YIELD (Kg per ha)', 'feature_LINSEED AREA (1000 ha)', 'feature_LINSEED PRODUCTION (1000 tons)', 'feature_LINSEED YIELD (Kg per ha)', 'feature_SUNFLOWER AREA (1000 ha)', 'feature_SUNFLOWER PRODUCTION (1000 tons)', 'feature_SUNFLOWER YIELD (Kg per ha)', 'feature_SOYABEAN AREA (1000 ha)', 'feature_SOYABEAN PRODUCTION (1000 tons)', 'feature_SOYABEAN YIELD (Kg per ha)', 'feature_OILSEEDS AREA (1000 ha)', 'feature_OILSEEDS PRODUCTION (1000 tons)', 'feature_OILSEEDS YIELD (Kg per ha)', 'feature_SUGARCANE AREA (1000 ha)', 'feature_SUGARCANE PRODUCTION (1000 tons)', 'feature_SUGARCANE YIELD (Kg per ha)', 'feature_COTTON AREA (1000 ha)', 'feature_COTTON PRODUCTION (1000 tons)', 'feature_COTTON YIELD (Kg per ha)', 'feature_FRUITS AREA (1000 ha)', 'feature_VEGETABLES AREA (1000 ha)', 'feature_FRUITS AND VEGETABLES AREA (1000 ha)', 'feature_POTATOES AREA (1000 ha)', 'feature_ONION AREA (1000 ha)', 'feature_FODDER AREA (1000 ha)', 'feature_State', 'feature_District', 'feature_Area Units', 'feature_Production Units', 'feature_Yield', 'feature_SUBDIVISION', 'feature_YEAR', 'feature_JAN', 'feature_FEB', 'feature_MAR', 'feature_APR', 'feature_MAY', 'feature_JUN', 'feature_JUL', 'feature_AUG', 'feature_SEP', 'feature_OCT', 'feature_NOV', 'feature_DEC', 'feature_Jan', 'feature_Feb', 'feature_Mar', 'feature_Apr', 'feature_May', 'feature_June', 'feature_July', 'feature_Aug', 'feature_Sep', 'feature_Oct', 'feature_Nov', 'feature_Dec', 'feature_Location', 'feature_Rainfall', 'feature_Temperature', 'feature_Soil type', 'feature_Irrigation', 'feature_yeilds', 'feature_Humidity', 'feature_Crops', 'feature_price', 'feature_Domain', 'feature_Element', 'feature_Item', 'feature_Unit', 'feature_Value', 'feature_ Area', 'feature_average_rain_fall_mm_per_year', 'feature_year', 'feature_country', 'feature_avg_temp', 'feature_Domain Code', 'feature_Area Code', 'feature_Element Code', 'feature_Item Code', 'feature_Year Code', 'feature_hg/ha_yield', 'feature_pesticides_tonnes', 'feature_Farm_ID', 'feature_Farm_Area(acres)', 'feature_Irrigation_Type', 'feature_Fertilizer_Used(tons)', 'feature_Pesticide_Used(kg)', 'feature_Yield(tons)', 'feature_Soil_Type', 'feature_Water_Usage(cubic meters)', 'feature_Country', 'feature_Region', 'feature_Average_Temperature_C', 'feature_Total_Precipitation_mm', 'feature_CO2_Emissions_MT', 'feature_Crop_Yield_MT_per_HA', 'feature_Extreme_Weather_Events', 'feature_Irrigation_Access_%', 'feature_Pesticide_Use_KG_per_HA', 'feature_Fertilizer_Use_KG_per_HA', 'feature_Soil_Health_Index', 'feature_Adaptation_Strategies', 'feature_Economic_Impact_Million_USD', 'feature_COMPOUND', 'feature_STATE_CODE', 'feature_COUNTY_CODE', 'feature_LOW_ESTIMATE', 'feature_HIGH_ESTIMATE', 'feature_COUNTY', 'feature_STATE'], 'crop_mapping': {0: 'Unknown', 1: 'unknown'}, 'fertilizer_mapping': {0: 'Unknown', 1: 'unknown'}}
2025-04-23 02:50:53,372 - INFO - Training set size: 1598334
2025-04-23 02:50:53,372 - INFO - Validation set size: 399584
2025-04-23 02:50:53,544 - INFO - Initialized enhanced model with 988366 parameters
2025-04-23 02:50:56,781 - INFO - Starting training for 50 epochs
2025-04-23 02:57:12,408 - INFO - Using device: cpu
2025-04-23 02:57:12,412 - INFO - Found 1 CSV files in dataset/combined_dataset.csv
2025-04-23 02:57:57,462 - INFO - Combined dataset has 1997918 rows
2025-04-23 02:58:00,493 - INFO - Loaded dataset with shape: (1997918, 207)
2025-04-23 02:58:26,014 - INFO - Crop class distribution: Counter({1: 1994693, 0: 3225})
2025-04-23 02:58:26,280 - INFO - Fertilizer class distribution: Counter({1: 1994693, 0: 3225})
2025-04-23 02:58:26,283 - INFO - Dataset metadata: {'input_dim': 204, 'crop_classes': 2, 'fertilizer_classes': 2, 'climate_classes': 0, 'feature_names': ['feature_state', 'feature_district', 'feature_market', 'feature_commodity', 'feature_variety', 'feature_arrival_date', 'feature_min_price', 'feature_max_price', 'feature_modal_price', 'feature_prompt', 'feature_response', 'feature_type', 'feature_Unnamed: 0', 'feature_State_Name', 'feature_Crop_Type', 'feature_Crop', 'feature_N', 'feature_P', 'feature_K', 'feature_pH', 'feature_rainfall', 'feature_temperature', 'feature_Area_in_hectares', 'feature_Production_in_tons', 'feature_Yield_ton_per_hec', 'feature_District_Name', 'feature_Crop_Year', 'feature_Season', 'feature_Area', 'feature_Production', 'feature_yearly_rainfall', 'feature_kharif_rainfall', 'feature_rabi_rainfall', 'feature_summer_rainfall', 'feature_States', 'feature_kharif_temp', 'feature_rabi_temp', 'feature_summer_temp', 'feature_yearly_temp', 'feature_Dist Code', 'feature_Year', 'feature_State Code', 'feature_State Name', 'feature_Dist Name', 'feature_RICE AREA (1000 ha)', 'feature_RICE PRODUCTION (1000 tons)', 'feature_RICE YIELD (Kg per ha)', 'feature_WHEAT AREA (1000 ha)', 'feature_WHEAT PRODUCTION (1000 tons)', 'feature_WHEAT YIELD (Kg per ha)', 'feature_KHARIF SORGHUM AREA (1000 ha)', 'feature_KHARIF SORGHUM PRODUCTION (1000 tons)', 'feature_KHARIF SORGHUM YIELD (Kg per ha)', 'feature_RABI SORGHUM AREA (1000 ha)', 'feature_RABI SORGHUM PRODUCTION (1000 tons)', 'feature_RABI SORGHUM YIELD (Kg per ha)', 'feature_SORGHUM AREA (1000 ha)', 'feature_SORGHUM PRODUCTION (1000 tons)', 'feature_SORGHUM YIELD (Kg per ha)', 'feature_PEARL MILLET AREA (1000 ha)', 'feature_PEARL MILLET PRODUCTION (1000 tons)', 'feature_PEARL MILLET YIELD (Kg per ha)', 'feature_MAIZE AREA (1000 ha)', 'feature_MAIZE PRODUCTION (1000 tons)', 'feature_MAIZE YIELD (Kg per ha)', 'feature_FINGER MILLET AREA (1000 ha)', 'feature_FINGER MILLET PRODUCTION (1000 tons)', 'feature_FINGER MILLET YIELD (Kg per ha)', 'feature_BARLEY AREA (1000 ha)', 'feature_BARLEY PRODUCTION (1000 tons)', 'feature_BARLEY YIELD (Kg per ha)', 'feature_CHICKPEA AREA (1000 ha)', 'feature_CHICKPEA PRODUCTION (1000 tons)', 'feature_CHICKPEA YIELD (Kg per ha)', 'feature_PIGEONPEA AREA (1000 ha)', 'feature_PIGEONPEA PRODUCTION (1000 tons)', 'feature_PIGEONPEA YIELD (Kg per ha)', 'feature_MINOR PULSES AREA (1000 ha)', 'feature_MINOR PULSES PRODUCTION (1000 tons)', 'feature_MINOR PULSES YIELD (Kg per ha)', 'feature_GROUNDNUT AREA (1000 ha)', 'feature_GROUNDNUT PRODUCTION (1000 tons)', 'feature_GROUNDNUT YIELD (Kg per ha)', 'feature_SESAMUM AREA (1000 ha)', 'feature_SESAMUM PRODUCTION (1000 tons)', 'feature_SESAMUM YIELD (Kg per ha)', 'feature_RAPESEED AND MUSTARD AREA (1000 ha)', 'feature_RAPESEED AND MUSTARD PRODUCTION (1000 tons)', 'feature_RAPESEED AND MUSTARD YIELD (Kg per ha)', 'feature_SAFFLOWER AREA (1000 ha)', 'feature_SAFFLOWER PRODUCTION (1000 tons)', 'feature_SAFFLOWER YIELD (Kg per ha)', 'feature_CASTOR AREA (1000 ha)', 'feature_CASTOR PRODUCTION (1000 tons)', 'feature_CASTOR YIELD (Kg per ha)', 'feature_LINSEED AREA (1000 ha)', 'feature_LINSEED PRODUCTION (1000 tons)', 'feature_LINSEED YIELD (Kg per ha)', 'feature_SUNFLOWER AREA (1000 ha)', 'feature_SUNFLOWER PRODUCTION (1000 tons)', 'feature_SUNFLOWER YIELD (Kg per ha)', 'feature_SOYABEAN AREA (1000 ha)', 'feature_SOYABEAN PRODUCTION (1000 tons)', 'feature_SOYABEAN YIELD (Kg per ha)', 'feature_OILSEEDS AREA (1000 ha)', 'feature_OILSEEDS PRODUCTION (1000 tons)', 'feature_OILSEEDS YIELD (Kg per ha)', 'feature_SUGARCANE AREA (1000 ha)', 'feature_SUGARCANE PRODUCTION (1000 tons)', 'feature_SUGARCANE YIELD (Kg per ha)', 'feature_COTTON AREA (1000 ha)', 'feature_COTTON PRODUCTION (1000 tons)', 'feature_COTTON YIELD (Kg per ha)', 'feature_FRUITS AREA (1000 ha)', 'feature_VEGETABLES AREA (1000 ha)', 'feature_FRUITS AND VEGETABLES AREA (1000 ha)', 'feature_POTATOES AREA (1000 ha)', 'feature_ONION AREA (1000 ha)', 'feature_FODDER AREA (1000 ha)', 'feature_State', 'feature_District', 'feature_Area Units', 'feature_Production Units', 'feature_Yield', 'feature_SUBDIVISION', 'feature_YEAR', 'feature_JAN', 'feature_FEB', 'feature_MAR', 'feature_APR', 'feature_MAY', 'feature_JUN', 'feature_JUL', 'feature_AUG', 'feature_SEP', 'feature_OCT', 'feature_NOV', 'feature_DEC', 'feature_Jan', 'feature_Feb', 'feature_Mar', 'feature_Apr', 'feature_May', 'feature_June', 'feature_July', 'feature_Aug', 'feature_Sep', 'feature_Oct', 'feature_Nov', 'feature_Dec', 'feature_Location', 'feature_Rainfall', 'feature_Temperature', 'feature_Soil type', 'feature_Irrigation', 'feature_yeilds', 'feature_Humidity', 'feature_Crops', 'feature_price', 'feature_Domain', 'feature_Element', 'feature_Item', 'feature_Unit', 'feature_Value', 'feature_ Area', 'feature_average_rain_fall_mm_per_year', 'feature_year', 'feature_country', 'feature_avg_temp', 'feature_Domain Code', 'feature_Area Code', 'feature_Element Code', 'feature_Item Code', 'feature_Year Code', 'feature_hg/ha_yield', 'feature_pesticides_tonnes', 'feature_Farm_ID', 'feature_Farm_Area(acres)', 'feature_Irrigation_Type', 'feature_Fertilizer_Used(tons)', 'feature_Pesticide_Used(kg)', 'feature_Yield(tons)', 'feature_Soil_Type', 'feature_Water_Usage(cubic meters)', 'feature_Country', 'feature_Region', 'feature_Average_Temperature_C', 'feature_Total_Precipitation_mm', 'feature_CO2_Emissions_MT', 'feature_Crop_Yield_MT_per_HA', 'feature_Extreme_Weather_Events', 'feature_Irrigation_Access_%', 'feature_Pesticide_Use_KG_per_HA', 'feature_Fertilizer_Use_KG_per_HA', 'feature_Soil_Health_Index', 'feature_Adaptation_Strategies', 'feature_Economic_Impact_Million_USD', 'feature_COMPOUND', 'feature_STATE_CODE', 'feature_COUNTY_CODE', 'feature_LOW_ESTIMATE', 'feature_HIGH_ESTIMATE', 'feature_COUNTY', 'feature_STATE'], 'crop_mapping': {0: 'Unknown', 1: 'unknown'}, 'fertilizer_mapping': {0: 'Unknown', 1: 'unknown'}}
2025-04-23 02:58:26,715 - INFO - Training set size: 1598334
2025-04-23 02:58:26,715 - INFO - Validation set size: 399584
2025-04-23 02:58:26,901 - INFO - Initialized enhanced model with 988366 parameters
2025-04-23 02:58:30,664 - INFO - Starting training for 50 epochs
2025-04-23 23:46:51,297 - INFO - Using device: cpu
2025-04-23 23:46:51,303 - INFO - Found 1 CSV files in dataset/combined_dataset.csv
2025-04-23 23:47:54,661 - INFO - Combined dataset has 1997918 rows
2025-04-23 23:47:57,996 - INFO - Loaded dataset with shape: (1997918, 207)
2025-04-23 23:48:22,311 - INFO - Crop class distribution: Counter({1: 1994693, 0: 3225})
2025-04-23 23:48:22,696 - INFO - Fertilizer class distribution: Counter({1: 1994693, 0: 3225})
2025-04-23 23:48:22,698 - INFO - Dataset metadata: {'input_dim': 204, 'crop_classes': 2, 'fertilizer_classes': 2, 'climate_classes': 0, 'feature_names': ['feature_state', 'feature_district', 'feature_market', 'feature_commodity', 'feature_variety', 'feature_arrival_date', 'feature_min_price', 'feature_max_price', 'feature_modal_price', 'feature_prompt', 'feature_response', 'feature_type', 'feature_Unnamed: 0', 'feature_State_Name', 'feature_Crop_Type', 'feature_Crop', 'feature_N', 'feature_P', 'feature_K', 'feature_pH', 'feature_rainfall', 'feature_temperature', 'feature_Area_in_hectares', 'feature_Production_in_tons', 'feature_Yield_ton_per_hec', 'feature_District_Name', 'feature_Crop_Year', 'feature_Season', 'feature_Area', 'feature_Production', 'feature_yearly_rainfall', 'feature_kharif_rainfall', 'feature_rabi_rainfall', 'feature_summer_rainfall', 'feature_States', 'feature_kharif_temp', 'feature_rabi_temp', 'feature_summer_temp', 'feature_yearly_temp', 'feature_Dist Code', 'feature_Year', 'feature_State Code', 'feature_State Name', 'feature_Dist Name', 'feature_RICE AREA (1000 ha)', 'feature_RICE PRODUCTION (1000 tons)', 'feature_RICE YIELD (Kg per ha)', 'feature_WHEAT AREA (1000 ha)', 'feature_WHEAT PRODUCTION (1000 tons)', 'feature_WHEAT YIELD (Kg per ha)', 'feature_KHARIF SORGHUM AREA (1000 ha)', 'feature_KHARIF SORGHUM PRODUCTION (1000 tons)', 'feature_KHARIF SORGHUM YIELD (Kg per ha)', 'feature_RABI SORGHUM AREA (1000 ha)', 'feature_RABI SORGHUM PRODUCTION (1000 tons)', 'feature_RABI SORGHUM YIELD (Kg per ha)', 'feature_SORGHUM AREA (1000 ha)', 'feature_SORGHUM PRODUCTION (1000 tons)', 'feature_SORGHUM YIELD (Kg per ha)', 'feature_PEARL MILLET AREA (1000 ha)', 'feature_PEARL MILLET PRODUCTION (1000 tons)', 'feature_PEARL MILLET YIELD (Kg per ha)', 'feature_MAIZE AREA (1000 ha)', 'feature_MAIZE PRODUCTION (1000 tons)', 'feature_MAIZE YIELD (Kg per ha)', 'feature_FINGER MILLET AREA (1000 ha)', 'feature_FINGER MILLET PRODUCTION (1000 tons)', 'feature_FINGER MILLET YIELD (Kg per ha)', 'feature_BARLEY AREA (1000 ha)', 'feature_BARLEY PRODUCTION (1000 tons)', 'feature_BARLEY YIELD (Kg per ha)', 'feature_CHICKPEA AREA (1000 ha)', 'feature_CHICKPEA PRODUCTION (1000 tons)', 'feature_CHICKPEA YIELD (Kg per ha)', 'feature_PIGEONPEA AREA (1000 ha)', 'feature_PIGEONPEA PRODUCTION (1000 tons)', 'feature_PIGEONPEA YIELD (Kg per ha)', 'feature_MINOR PULSES AREA (1000 ha)', 'feature_MINOR PULSES PRODUCTION (1000 tons)', 'feature_MINOR PULSES YIELD (Kg per ha)', 'feature_GROUNDNUT AREA (1000 ha)', 'feature_GROUNDNUT PRODUCTION (1000 tons)', 'feature_GROUNDNUT YIELD (Kg per ha)', 'feature_SESAMUM AREA (1000 ha)', 'feature_SESAMUM PRODUCTION (1000 tons)', 'feature_SESAMUM YIELD (Kg per ha)', 'feature_RAPESEED AND MUSTARD AREA (1000 ha)', 'feature_RAPESEED AND MUSTARD PRODUCTION (1000 tons)', 'feature_RAPESEED AND MUSTARD YIELD (Kg per ha)', 'feature_SAFFLOWER AREA (1000 ha)', 'feature_SAFFLOWER PRODUCTION (1000 tons)', 'feature_SAFFLOWER YIELD (Kg per ha)', 'feature_CASTOR AREA (1000 ha)', 'feature_CASTOR PRODUCTION (1000 tons)', 'feature_CASTOR YIELD (Kg per ha)', 'feature_LINSEED AREA (1000 ha)', 'feature_LINSEED PRODUCTION (1000 tons)', 'feature_LINSEED YIELD (Kg per ha)', 'feature_SUNFLOWER AREA (1000 ha)', 'feature_SUNFLOWER PRODUCTION (1000 tons)', 'feature_SUNFLOWER YIELD (Kg per ha)', 'feature_SOYABEAN AREA (1000 ha)', 'feature_SOYABEAN PRODUCTION (1000 tons)', 'feature_SOYABEAN YIELD (Kg per ha)', 'feature_OILSEEDS AREA (1000 ha)', 'feature_OILSEEDS PRODUCTION (1000 tons)', 'feature_OILSEEDS YIELD (Kg per ha)', 'feature_SUGARCANE AREA (1000 ha)', 'feature_SUGARCANE PRODUCTION (1000 tons)', 'feature_SUGARCANE YIELD (Kg per ha)', 'feature_COTTON AREA (1000 ha)', 'feature_COTTON PRODUCTION (1000 tons)', 'feature_COTTON YIELD (Kg per ha)', 'feature_FRUITS AREA (1000 ha)', 'feature_VEGETABLES AREA (1000 ha)', 'feature_FRUITS AND VEGETABLES AREA (1000 ha)', 'feature_POTATOES AREA (1000 ha)', 'feature_ONION AREA (1000 ha)', 'feature_FODDER AREA (1000 ha)', 'feature_State', 'feature_District', 'feature_Area Units', 'feature_Production Units', 'feature_Yield', 'feature_SUBDIVISION', 'feature_YEAR', 'feature_JAN', 'feature_FEB', 'feature_MAR', 'feature_APR', 'feature_MAY', 'feature_JUN', 'feature_JUL', 'feature_AUG', 'feature_SEP', 'feature_OCT', 'feature_NOV', 'feature_DEC', 'feature_Jan', 'feature_Feb', 'feature_Mar', 'feature_Apr', 'feature_May', 'feature_June', 'feature_July', 'feature_Aug', 'feature_Sep', 'feature_Oct', 'feature_Nov', 'feature_Dec', 'feature_Location', 'feature_Rainfall', 'feature_Temperature', 'feature_Soil type', 'feature_Irrigation', 'feature_yeilds', 'feature_Humidity', 'feature_Crops', 'feature_price', 'feature_Domain', 'feature_Element', 'feature_Item', 'feature_Unit', 'feature_Value', 'feature_ Area', 'feature_average_rain_fall_mm_per_year', 'feature_year', 'feature_country', 'feature_avg_temp', 'feature_Domain Code', 'feature_Area Code', 'feature_Element Code', 'feature_Item Code', 'feature_Year Code', 'feature_hg/ha_yield', 'feature_pesticides_tonnes', 'feature_Farm_ID', 'feature_Farm_Area(acres)', 'feature_Irrigation_Type', 'feature_Fertilizer_Used(tons)', 'feature_Pesticide_Used(kg)', 'feature_Yield(tons)', 'feature_Soil_Type', 'feature_Water_Usage(cubic meters)', 'feature_Country', 'feature_Region', 'feature_Average_Temperature_C', 'feature_Total_Precipitation_mm', 'feature_CO2_Emissions_MT', 'feature_Crop_Yield_MT_per_HA', 'feature_Extreme_Weather_Events', 'feature_Irrigation_Access_%', 'feature_Pesticide_Use_KG_per_HA', 'feature_Fertilizer_Use_KG_per_HA', 'feature_Soil_Health_Index', 'feature_Adaptation_Strategies', 'feature_Economic_Impact_Million_USD', 'feature_COMPOUND', 'feature_STATE_CODE', 'feature_COUNTY_CODE', 'feature_LOW_ESTIMATE', 'feature_HIGH_ESTIMATE', 'feature_COUNTY', 'feature_STATE'], 'crop_mapping': {0: 'Unknown', 1: 'unknown'}, 'fertilizer_mapping': {0: 'Unknown', 1: 'unknown'}}
2025-04-23 23:48:23,154 - INFO - Training set size: 1598334
2025-04-23 23:48:23,155 - INFO - Validation set size: 399584
2025-04-23 23:48:23,320 - INFO - Initialized enhanced model with 988366 parameters
2025-04-23 23:48:28,735 - INFO - Starting training for 50 epochs
2025-04-24 00:52:03,289 - INFO - Epoch 1/50 - Train Loss: 0.0166, Val Loss: 0.0237, Train Crop Acc: 0.9990, Val Crop Acc: 0.9985, Train Fert Acc: 0.9990, Val Fert Acc: 0.9985, LR: 0.001000
2025-04-24 00:52:03,295 - INFO - New best model at epoch 1
2025-04-24 01:48:44,914 - INFO - Epoch 2/50 - Train Loss: 0.0207, Val Loss: 0.0126, Train Crop Acc: 0.9985, Val Crop Acc: 0.9994, Train Fert Acc: 0.9985, Val Fert Acc: 0.9994, LR: 0.001000
2025-04-24 01:48:44,917 - INFO - New best model at epoch 2
2025-04-24 02:57:23,279 - INFO - Epoch 3/50 - Train Loss: 0.0056, Val Loss: 0.0107, Train Crop Acc: 0.9997, Val Crop Acc: 0.9995, Train Fert Acc: 0.9997, Val Fert Acc: 0.9995, LR: 0.001000
2025-04-24 02:57:23,284 - INFO - New best model at epoch 3
2025-04-24 04:13:26,871 - INFO - Epoch 4/50 - Train Loss: 0.0095, Val Loss: 0.0091, Train Crop Acc: 0.9989, Val Crop Acc: 0.9985, Train Fert Acc: 0.9989, Val Fert Acc: 0.9956, LR: 0.001000
2025-04-24 04:13:26,880 - INFO - New best model at epoch 4
2025-04-24 05:47:47,024 - INFO - Epoch 5/50 - Train Loss: 0.0122, Val Loss: 0.0068, Train Crop Acc: 0.9984, Val Crop Acc: 0.9985, Train Fert Acc: 0.9984, Val Fert Acc: 0.9985, LR: 0.001000
2025-04-24 05:47:47,043 - INFO - New best model at epoch 5
2025-04-24 07:14:21,798 - INFO - Epoch 6/50 - Train Loss: 0.0135, Val Loss: 0.0278, Train Crop Acc: 0.9988, Val Crop Acc: 0.9982, Train Fert Acc: 0.9988, Val Fert Acc: 0.9982, LR: 0.001000
2025-04-24 07:14:21,805 - INFO - No improvement for 1 epochs
2025-04-24 08:31:10,154 - INFO - Epoch 7/50 - Train Loss: 0.0010, Val Loss: 0.0060, Train Crop Acc: 1.0000, Val Crop Acc: 0.9998, Train Fert Acc: 1.0000, Val Fert Acc: 0.9998, LR: 0.001000
2025-04-24 08:31:10,158 - INFO - New best model at epoch 7
2025-04-24 13:03:08,775 - INFO - Epoch 8/50 - Train Loss: 0.0006, Val Loss: 0.0736, Train Crop Acc: 1.0000, Val Crop Acc: 0.9986, Train Fert Acc: 1.0000, Val Fert Acc: 0.9987, LR: 0.001000
2025-04-24 13:03:08,777 - INFO - No improvement for 1 epochs
2025-04-24 14:34:45,766 - INFO - Epoch 9/50 - Train Loss: 0.0003, Val Loss: 0.0067, Train Crop Acc: 1.0000, Val Crop Acc: 0.9999, Train Fert Acc: 1.0000, Val Fert Acc: 0.9999, LR: 0.001000
2025-04-24 14:34:45,775 - INFO - No improvement for 2 epochs
2025-04-24 17:42:57,436 - INFO - Epoch 10/50 - Train Loss: 0.0002, Val Loss: 0.0145, Train Crop Acc: 1.0000, Val Crop Acc: 0.9998, Train Fert Acc: 1.0000, Val Fert Acc: 0.9998, LR: 0.001000
2025-04-24 17:42:57,442 - INFO - No improvement for 3 epochs
2025-04-24 19:51:41,325 - INFO - Epoch 11/50 - Train Loss: 0.0008, Val Loss: 0.0003, Train Crop Acc: 0.9999, Val Crop Acc: 1.0000, Train Fert Acc: 0.9999, Val Fert Acc: 1.0000, LR: 0.001000
2025-04-24 19:51:41,334 - INFO - New best model at epoch 11
2025-04-24 21:40:09,064 - INFO - Epoch 12/50 - Train Loss: 0.0003, Val Loss: 0.0172, Train Crop Acc: 1.0000, Val Crop Acc: 0.9998, Train Fert Acc: 1.0000, Val Fert Acc: 0.9998, LR: 0.001000
2025-04-24 21:40:09,068 - INFO - No improvement for 1 epochs
2025-04-24 23:17:52,079 - INFO - Epoch 13/50 - Train Loss: 0.0005, Val Loss: 0.0004, Train Crop Acc: 1.0000, Val Crop Acc: 1.0000, Train Fert Acc: 1.0000, Val Fert Acc: 1.0000, LR: 0.001000
2025-04-24 23:17:52,087 - INFO - No improvement for 2 epochs
2025-04-25 01:06:59,301 - INFO - Epoch 14/50 - Train Loss: 0.0001, Val Loss: 0.0013, Train Crop Acc: 1.0000, Val Crop Acc: 1.0000, Train Fert Acc: 1.0000, Val Fert Acc: 1.0000, LR: 0.001000
2025-04-25 01:06:59,305 - INFO - No improvement for 3 epochs
2025-04-25 02:47:09,019 - INFO - Epoch 15/50 - Train Loss: 0.0002, Val Loss: 0.0916, Train Crop Acc: 1.0000, Val Crop Acc: 0.9991, Train Fert Acc: 1.0000, Val Fert Acc: 0.9991, LR: 0.001000
2025-04-25 02:47:09,026 - INFO - No improvement for 4 epochs
2025-04-25 05:52:43,749 - INFO - Epoch 16/50 - Train Loss: 0.0004, Val Loss: 0.0033, Train Crop Acc: 1.0000, Val Crop Acc: 0.9999, Train Fert Acc: 1.0000, Val Fert Acc: 0.9999, LR: 0.001000
2025-04-25 05:52:43,756 - INFO - No improvement for 5 epochs
2025-04-25 11:16:24,321 - INFO - Epoch 17/50 - Train Loss: 0.0003, Val Loss: 0.0148, Train Crop Acc: 1.0000, Val Crop Acc: 0.9998, Train Fert Acc: 1.0000, Val Fert Acc: 0.9998, LR: 0.001000
2025-04-25 11:16:24,329 - INFO - No improvement for 6 epochs
2025-04-25 13:05:54,290 - INFO - Epoch 18/50 - Train Loss: 0.0003, Val Loss: 0.0017, Train Crop Acc: 1.0000, Val Crop Acc: 1.0000, Train Fert Acc: 1.0000, Val Fert Acc: 1.0000, LR: 0.000500
2025-04-25 13:05:54,296 - INFO - No improvement for 7 epochs
2025-04-27 07:29:28,263 - INFO - Using device: cpu
2025-04-27 07:29:28,265 - INFO - Found 1 CSV files in dataset/combined_dataset.csv
2025-04-27 07:29:28,315 - INFO - Combined dataset has 14202 rows
2025-04-27 07:29:28,321 - INFO - Loaded dataset with shape: (14202, 31)
2025-04-27 07:29:28,339 - INFO - Crop class distribution: Counter({0: 14202})
2025-04-27 07:29:28,341 - INFO - Fertilizer class distribution: Counter({0: 14202})
2025-04-27 07:29:28,341 - INFO - Dataset metadata: {'input_dim': 28, 'crop_classes': 1, 'fertilizer_classes': 1, 'climate_classes': 0, 'feature_names': ['feature_Unnamed: 0', 'feature_Crop', 'feature_N', 'feature_P', 'feature_K', 'feature_pH', 'feature_Temperature', 'feature_Humidity', 'feature_Soil Moisture', 'feature_Soil Type', 'feature_Crop Type', 'feature_Nitrogen', 'feature_Potassium', 'feature_Phosphorus', 'feature_Fertilizer', 'feature_Temparature', 'feature_Moisture', 'feature_Soil_Type', 'feature_Crop_Type', 'feature_Phosphorous', 'feature_Humidity ', 'feature_Fertilizer Name', 'feature_soil_moisture', 'feature_Rainfall', 'feature_PH', 'feature_Carbon', 'feature_Soil', 'feature_Remark'], 'crop_mapping': {0: 'Unknown'}, 'fertilizer_mapping': {0: 'Unknown'}}
2025-04-27 07:29:28,353 - INFO - Training set size: 11361
2025-04-27 07:29:28,354 - INFO - Validation set size: 2841
2025-04-27 07:29:28,411 - INFO - Initialized enhanced model with 942535 parameters
2025-04-27 07:29:30,328 - INFO - Starting training for 50 epochs
2025-04-27 07:39:13,232 - INFO - Using device: cpu
2025-04-27 07:39:13,233 - INFO - Found 1 CSV files in dataset/combined_dataset.csv
2025-04-27 07:39:13,276 - INFO - Combined dataset has 14202 rows
2025-04-27 07:39:13,283 - INFO - Loaded dataset with shape: (14202, 31)
2025-04-27 07:39:13,303 - INFO - Crop class distribution: Counter({0: 14202})
2025-04-27 07:39:13,305 - INFO - Fertilizer class distribution: Counter({0: 14202})
2025-04-27 07:39:13,306 - INFO - Dataset metadata: {'input_dim': 28, 'crop_classes': 1, 'fertilizer_classes': 1, 'climate_classes': 0, 'feature_names': ['feature_Unnamed: 0', 'feature_Crop', 'feature_N', 'feature_P', 'feature_K', 'feature_pH', 'feature_Temperature', 'feature_Humidity', 'feature_Soil Moisture', 'feature_Soil Type', 'feature_Crop Type', 'feature_Nitrogen', 'feature_Potassium', 'feature_Phosphorus', 'feature_Fertilizer', 'feature_Temparature', 'feature_Moisture', 'feature_Soil_Type', 'feature_Crop_Type', 'feature_Phosphorous', 'feature_Humidity ', 'feature_Fertilizer Name', 'feature_soil_moisture', 'feature_Rainfall', 'feature_PH', 'feature_Carbon', 'feature_Soil', 'feature_Remark'], 'crop_mapping': {0: 'Unknown'}, 'fertilizer_mapping': {0: 'Unknown'}}
2025-04-27 07:39:13,309 - INFO - Training set size: 11361
2025-04-27 07:39:13,310 - INFO - Validation set size: 2841
2025-04-27 07:39:13,322 - INFO - Initialized enhanced model with 943050 parameters
2025-04-27 07:39:14,495 - INFO - Starting training for 50 epochs
2025-04-27 07:39:59,550 - INFO - Using device: cpu
2025-04-27 07:39:59,551 - INFO - Found 1 CSV files in dataset/combined_dataset.csv
2025-04-27 07:39:59,605 - INFO - Combined dataset has 14202 rows
2025-04-27 07:39:59,612 - INFO - Loaded dataset with shape: (14202, 31)
2025-04-27 07:39:59,632 - INFO - Crop class distribution: Counter({0: 14202})
2025-04-27 07:39:59,634 - INFO - Fertilizer class distribution: Counter({0: 14202})
2025-04-27 07:39:59,634 - INFO - Dataset metadata: {'input_dim': 28, 'crop_classes': 1, 'fertilizer_classes': 1, 'climate_classes': 0, 'feature_names': ['feature_Unnamed: 0', 'feature_Crop', 'feature_N', 'feature_P', 'feature_K', 'feature_pH', 'feature_Temperature', 'feature_Humidity', 'feature_Soil Moisture', 'feature_Soil Type', 'feature_Crop Type', 'feature_Nitrogen', 'feature_Potassium', 'feature_Phosphorus', 'feature_Fertilizer', 'feature_Temparature', 'feature_Moisture', 'feature_Soil_Type', 'feature_Crop_Type', 'feature_Phosphorous', 'feature_Humidity ', 'feature_Fertilizer Name', 'feature_soil_moisture', 'feature_Rainfall', 'feature_PH', 'feature_Carbon', 'feature_Soil', 'feature_Remark'], 'crop_mapping': {0: 'Unknown'}, 'fertilizer_mapping': {0: 'Unknown'}}
2025-04-27 07:39:59,635 - INFO - Training set size: 11361
2025-04-27 07:39:59,636 - INFO - Validation set size: 2841
2025-04-27 07:39:59,650 - INFO - Initialized enhanced model with 943050 parameters
2025-04-27 07:40:01,105 - INFO - Starting training for 50 epochs
